  SceneNode.cpp
d:\documents\imagecampus\2019\1c\gameengine_opengl\gameengine\engineproject\enginedll\scenenode.h(13): warning C4251: 'SceneNode::m_name': class 'std::basic_string<char,std::char_traits<char>,std::allocator<char>>' needs to have dll-interface to be used by clients of class 'SceneNode'
  c:\program files (x86)\microsoft visual studio\2017\community\vc\tools\msvc\14.16.27023\include\xstring(4373): note: see declaration of 'std::basic_string<char,std::char_traits<char>,std::allocator<char>>'
d:\documents\imagecampus\2019\1c\gameengine_opengl\gameengine\engineproject\enginedll\scenenode.h(21): warning C4251: 'SceneNode::m_children': class 'std::vector<SceneNode *,std::allocator<_Ty>>' needs to have dll-interface to be used by clients of class 'SceneNode'
          with
          [
              _Ty=SceneNode *
          ]
  d:\documents\imagecampus\2019\1c\gameengine_opengl\gameengine\engineproject\enginedll\scenenode.h(21): note: see declaration of 'std::vector<SceneNode *,std::allocator<_Ty>>'
          with
          [
              _Ty=SceneNode *
          ]
d:\documents\imagecampus\2019\1c\gameengine_opengl\gameengine\engineproject\enginedll\scenenode.h(22): warning C4251: 'SceneNode::m_componentList': class 'std::vector<Component *,std::allocator<_Ty>>' needs to have dll-interface to be used by clients of class 'SceneNode'
          with
          [
              _Ty=Component *
          ]
  d:\documents\imagecampus\2019\1c\gameengine_opengl\gameengine\engineproject\enginedll\scenenode.h(22): note: see declaration of 'std::vector<Component *,std::allocator<_Ty>>'
          with
          [
              _Ty=Component *
          ]
d:\documents\imagecampus\2019\1c\gameengine_opengl\gameengine\engineproject\enginedll\transform.h(15): warning C4251: 'Transform::m_position': struct 'glm::vec<3,float,0>' needs to have dll-interface to be used by clients of class 'Transform'
  d:\documents\imagecampus\2019\1c\gameengine_opengl\gameengine\engineproject\enginedll\glm\detail\type_vec.hpp(229): note: see declaration of 'glm::vec<3,float,0>'
d:\documents\imagecampus\2019\1c\gameengine_opengl\gameengine\engineproject\enginedll\transform.h(16): warning C4251: 'Transform::m_scale': struct 'glm::vec<3,float,0>' needs to have dll-interface to be used by clients of class 'Transform'
  d:\documents\imagecampus\2019\1c\gameengine_opengl\gameengine\engineproject\enginedll\glm\detail\type_vec.hpp(229): note: see declaration of 'glm::vec<3,float,0>'
d:\documents\imagecampus\2019\1c\gameengine_opengl\gameengine\engineproject\enginedll\transform.h(17): warning C4251: 'Transform::m_rotation': struct 'glm::vec<3,float,0>' needs to have dll-interface to be used by clients of class 'Transform'
  d:\documents\imagecampus\2019\1c\gameengine_opengl\gameengine\engineproject\enginedll\glm\detail\type_vec.hpp(229): note: see declaration of 'glm::vec<3,float,0>'
d:\documents\imagecampus\2019\1c\gameengine_opengl\gameengine\engineproject\enginedll\transform.h(19): warning C4251: 'Transform::m_modelMatrix': struct 'glm::mat<4,4,float,0>' needs to have dll-interface to be used by clients of class 'Transform'
  d:\documents\imagecampus\2019\1c\gameengine_opengl\gameengine\engineproject\enginedll\glm\detail\type_mat.hpp(303): note: see declaration of 'glm::mat<4,4,float,0>'
d:\documents\imagecampus\2019\1c\gameengine_opengl\gameengine\engineproject\enginedll\transform.h(20): warning C4251: 'Transform::m_translateMatrix': struct 'glm::mat<4,4,float,0>' needs to have dll-interface to be used by clients of class 'Transform'
  d:\documents\imagecampus\2019\1c\gameengine_opengl\gameengine\engineproject\enginedll\glm\detail\type_mat.hpp(303): note: see declaration of 'glm::mat<4,4,float,0>'
d:\documents\imagecampus\2019\1c\gameengine_opengl\gameengine\engineproject\enginedll\transform.h(21): warning C4251: 'Transform::m_rotateMatrix': struct 'glm::mat<4,4,float,0>' needs to have dll-interface to be used by clients of class 'Transform'
  d:\documents\imagecampus\2019\1c\gameengine_opengl\gameengine\engineproject\enginedll\glm\detail\type_mat.hpp(303): note: see declaration of 'glm::mat<4,4,float,0>'
d:\documents\imagecampus\2019\1c\gameengine_opengl\gameengine\engineproject\enginedll\transform.h(22): warning C4251: 'Transform::m_scaleMatrix': struct 'glm::mat<4,4,float,0>' needs to have dll-interface to be used by clients of class 'Transform'
  d:\documents\imagecampus\2019\1c\gameengine_opengl\gameengine\engineproject\enginedll\glm\detail\type_mat.hpp(303): note: see declaration of 'glm::mat<4,4,float,0>'
d:\documents\imagecampus\2019\1c\gameengine_opengl\gameengine\engineproject\enginedll\transform.h(27): warning C4251: 'Transform::right': struct 'glm::vec<3,float,0>' needs to have dll-interface to be used by clients of class 'Transform'
  d:\documents\imagecampus\2019\1c\gameengine_opengl\gameengine\engineproject\enginedll\glm\detail\type_vec.hpp(229): note: see declaration of 'glm::vec<3,float,0>'
d:\documents\imagecampus\2019\1c\gameengine_opengl\gameengine\engineproject\enginedll\transform.h(28): warning C4251: 'Transform::up': struct 'glm::vec<3,float,0>' needs to have dll-interface to be used by clients of class 'Transform'
  d:\documents\imagecampus\2019\1c\gameengine_opengl\gameengine\engineproject\enginedll\glm\detail\type_vec.hpp(229): note: see declaration of 'glm::vec<3,float,0>'
d:\documents\imagecampus\2019\1c\gameengine_opengl\gameengine\engineproject\enginedll\transform.h(29): warning C4251: 'Transform::foward': struct 'glm::vec<3,float,0>' needs to have dll-interface to be used by clients of class 'Transform'
  d:\documents\imagecampus\2019\1c\gameengine_opengl\gameengine\engineproject\enginedll\glm\detail\type_vec.hpp(229): note: see declaration of 'glm::vec<3,float,0>'
d:\documents\imagecampus\2019\1c\gameengine_opengl\gameengine\engineproject\enginedll\scenenode.cpp(81): warning C4018: '<': signed/unsigned mismatch
d:\documents\imagecampus\2019\1c\gameengine_opengl\gameengine\engineproject\enginedll\scenenode.cpp(83): warning C4477: 'printf' : format string '%s' requires an argument of type 'char *', but variadic argument 1 has type 'std::string'
  EngineDLL.vcxproj -> D:\Documents\ImageCampus\2019\1C\GameEngine_OpenGL\GameEngine\EngineProject\Debug\EngineDLL.dll
