d:\documents\gameengine_opengl\gameengine\engineproject\enginedll\debug\vc142.pdb
d:\documents\gameengine_opengl\gameengine\engineproject\enginedll\debug\vc142.idb
d:\documents\gameengine_opengl\gameengine\engineproject\enginedll\debug\colorshape.obj
d:\documents\gameengine_opengl\gameengine\engineproject\enginedll\debug\circle.obj
d:\documents\gameengine_opengl\gameengine\engineproject\enginedll\debug\camera.obj
d:\documents\gameengine_opengl\gameengine\engineproject\enginedll\debug\textureloader.obj
d:\documents\gameengine_opengl\gameengine\engineproject\enginedll\debug\renderer.obj
d:\documents\gameengine_opengl\gameengine\engineproject\enginedll\debug\obj_loader.obj
d:\documents\gameengine_opengl\gameengine\engineproject\enginedll\debug\simulationeventcallback.obj
d:\documents\gameengine_opengl\gameengine\engineproject\enginedll\debug\physicsmanager.obj
d:\documents\gameengine_opengl\gameengine\engineproject\enginedll\debug\time.obj
d:\documents\gameengine_opengl\gameengine\engineproject\enginedll\debug\plane.obj
d:\documents\gameengine_opengl\gameengine\engineproject\enginedll\debug\window.obj
d:\documents\gameengine_opengl\gameengine\engineproject\enginedll\debug\inputhandler.obj
d:\documents\gameengine_opengl\gameengine\engineproject\enginedll\debug\gamebase.obj
d:\documents\gameengine_opengl\gameengine\engineproject\enginedll\debug\transform.obj
d:\documents\gameengine_opengl\gameengine\engineproject\enginedll\debug\rigidbody.obj
d:\documents\gameengine_opengl\gameengine\engineproject\enginedll\debug\mesh.obj
d:\documents\gameengine_opengl\gameengine\engineproject\enginedll\debug\material.obj
d:\documents\gameengine_opengl\gameengine\engineproject\enginedll\debug\component.obj
d:\documents\gameengine_opengl\gameengine\engineproject\enginedll\debug\boxcollider.obj
d:\documents\gameengine_opengl\gameengine\engineproject\enginedll\debug\animation.obj
d:\documents\gameengine_opengl\gameengine\engineproject\enginedll\debug\scenenode.obj
d:\documents\gameengine_opengl\gameengine\engineproject\enginedll\debug\triangle.obj
d:\documents\gameengine_opengl\gameengine\engineproject\enginedll\debug\tilemap.obj
d:\documents\gameengine_opengl\gameengine\engineproject\enginedll\debug\terrain.obj
d:\documents\gameengine_opengl\gameengine\engineproject\enginedll\debug\suzzane.obj
d:\documents\gameengine_opengl\gameengine\engineproject\enginedll\debug\sprite.obj
d:\documents\gameengine_opengl\gameengine\engineproject\enginedll\debug\shape.obj
d:\documents\gameengine_opengl\gameengine\engineproject\enginedll\debug\scene.obj
d:\documents\gameengine_opengl\gameengine\engineproject\enginedll\debug\landingpad.obj
d:\documents\gameengine_opengl\gameengine\engineproject\enginedll\debug\entity.obj
d:\documents\gameengine_opengl\gameengine\engineproject\enginedll\debug\enginedll.tlog\cl.command.1.tlog
d:\documents\gameengine_opengl\gameengine\engineproject\enginedll\debug\enginedll.tlog\cl.read.1.tlog
d:\documents\gameengine_opengl\gameengine\engineproject\enginedll\debug\enginedll.tlog\cl.write.1.tlog
