  Game.cpp
D:\Documents\GameEngine_OpenGL\GameEngine\EngineProject\EngineDLL\scene_graph\SceneNode.h(13,20): warning C4251: 'SceneNode::m_name': class 'std::basic_string<char,std::char_traits<char>,std::allocator<char>>' needs to have dll-interface to be used by clients of class 'SceneNode'
C:\Program Files (x86)\Microsoft Visual Studio\2019\Community\VC\Tools\MSVC\14.24.28314\include\xstring(4448): message : see declaration of 'std::basic_string<char,std::char_traits<char>,std::allocator<char>>'
D:\Documents\GameEngine_OpenGL\GameEngine\EngineProject\EngineDLL\scene_graph\SceneNode.h(22,36): warning C4251: 'SceneNode::m_children': class 'std::vector<SceneNode *,std::allocator<SceneNode *>>' needs to have dll-interface to be used by clients of class 'SceneNode'
D:\Documents\GameEngine_OpenGL\GameEngine\EngineProject\EngineDLL\scene_graph\SceneNode.h(22): message : see declaration of 'std::vector<SceneNode *,std::allocator<SceneNode *>>'
D:\Documents\GameEngine_OpenGL\GameEngine\EngineProject\EngineDLL\scene_graph\SceneNode.h(23,41): warning C4251: 'SceneNode::m_componentList': class 'std::vector<Component *,std::allocator<Component *>>' needs to have dll-interface to be used by clients of class 'SceneNode'
D:\Documents\GameEngine_OpenGL\GameEngine\EngineProject\EngineDLL\scene_graph\SceneNode.h(23): message : see declaration of 'std::vector<Component *,std::allocator<Component *>>'
D:\Documents\GameEngine_OpenGL\GameEngine\EngineProject\EngineDLL\scene_graph\entities\Scene.h(17,36): warning C4251: 'Scene::m_entities': class 'std::vector<SceneNode *,std::allocator<SceneNode *>>' needs to have dll-interface to be used by clients of class 'Scene'
D:\Documents\GameEngine_OpenGL\GameEngine\EngineProject\EngineDLL\scene_graph\SceneNode.h(22): message : see declaration of 'std::vector<SceneNode *,std::allocator<SceneNode *>>'
  main.cpp
D:\Documents\GameEngine_OpenGL\GameEngine\EngineProject\EngineDLL\scene_graph\SceneNode.h(13,20): warning C4251: 'SceneNode::m_name': class 'std::basic_string<char,std::char_traits<char>,std::allocator<char>>' needs to have dll-interface to be used by clients of class 'SceneNode'
C:\Program Files (x86)\Microsoft Visual Studio\2019\Community\VC\Tools\MSVC\14.24.28314\include\xstring(4448): message : see declaration of 'std::basic_string<char,std::char_traits<char>,std::allocator<char>>'
D:\Documents\GameEngine_OpenGL\GameEngine\EngineProject\EngineDLL\scene_graph\SceneNode.h(22,36): warning C4251: 'SceneNode::m_children': class 'std::vector<SceneNode *,std::allocator<SceneNode *>>' needs to have dll-interface to be used by clients of class 'SceneNode'
D:\Documents\GameEngine_OpenGL\GameEngine\EngineProject\EngineDLL\scene_graph\SceneNode.h(22): message : see declaration of 'std::vector<SceneNode *,std::allocator<SceneNode *>>'
D:\Documents\GameEngine_OpenGL\GameEngine\EngineProject\EngineDLL\scene_graph\SceneNode.h(23,41): warning C4251: 'SceneNode::m_componentList': class 'std::vector<Component *,std::allocator<Component *>>' needs to have dll-interface to be used by clients of class 'SceneNode'
D:\Documents\GameEngine_OpenGL\GameEngine\EngineProject\EngineDLL\scene_graph\SceneNode.h(23): message : see declaration of 'std::vector<Component *,std::allocator<Component *>>'
D:\Documents\GameEngine_OpenGL\GameEngine\EngineProject\EngineDLL\scene_graph\entities\Scene.h(17,36): warning C4251: 'Scene::m_entities': class 'std::vector<SceneNode *,std::allocator<SceneNode *>>' needs to have dll-interface to be used by clients of class 'Scene'
D:\Documents\GameEngine_OpenGL\GameEngine\EngineProject\EngineDLL\scene_graph\SceneNode.h(22): message : see declaration of 'std::vector<SceneNode *,std::allocator<SceneNode *>>'
  Generating Code...
  EngineProject.vcxproj -> D:\Documents\GameEngine_OpenGL\GameEngine\EngineProject\Debug\TestEngine.exe
